ncverilog(64): 15.20-s058: (c) Copyright 1995-2018 Cadence Design Systems, Inc.
TOOL:	ncverilog	15.20-s058: Started on Mar 31, 2022 at 15:46:04 CEST
ncverilog
	+sv
	-f files_verilog.f
		../RTL/alu.v
		../RTL/alu_control.v
		../RTL/branch_unit.v
		../RTL/control_unit.v
		../RTL/cpu.v
		../RTL/immediate_extend_unit.v
		../RTL/mux_2.v
		../RTL/pc.v
		../RTL/reg_arstn.v
		../RTL/reg_arstn_en.v
		../RTL/register_file.v
		../RTL/sram.v
		../RTL/cpu_tb.v
		../RTL/saed32sram_mod.v
		../RTL/mux_3.v
		../RTL/forwarding_unit.v
		../RTL/hazard_unit.v
	+nc64bit
	+nctimescale+1ns/10ps
	+access+rwc
	-ALLOWREDEFINITION
	-linedebug
	+gui
ncverilog: *W,BADPRF: The -linedebug option may have an adverse performance impact.
Recompiling... reason: file '../RTL/cpu.v' is newer than expected.
	expected: Thu Mar 31 15:42:40 2022
	actual:   Thu Mar 31 15:45:55 2022
file: ../RTL/cpu.v
	module worklib.cpu:v
		errors: 0, warnings: 0
file: ../RTL/saed32sram_mod.v
`define numAddr 7
                 |
ncvlog: *W,MACRDF (../RTL/saed32sram_mod.v,101|17): text macro 'numAddr' redefined - replaced with new definition.
`define numWords 128
                    |
ncvlog: *W,MACRDF (../RTL/saed32sram_mod.v,102|20): text macro 'numWords' redefined - replaced with new definition.
`define wordLength 46
                     |
ncvlog: *W,MACRDF (../RTL/saed32sram_mod.v,103|21): text macro 'wordLength' redefined - replaced with new definition.
`define wordLength 48
                     |
ncvlog: *W,MACRDF (../RTL/saed32sram_mod.v,229|21): text macro 'wordLength' redefined - replaced with new definition.
`define wordLength 8
                    |
ncvlog: *W,MACRDF (../RTL/saed32sram_mod.v,357|20): text macro 'wordLength' redefined - replaced with new definition.
`define numAddr 8
                 |
ncvlog: *W,MACRDF (../RTL/saed32sram_mod.v,443|17): text macro 'numAddr' redefined - replaced with new definition.
`define numWords 256
                    |
ncvlog: *W,MACRDF (../RTL/saed32sram_mod.v,444|20): text macro 'numWords' redefined - replaced with new definition.
`define wordLength 128
                      |
ncvlog: *W,MACRDF (../RTL/saed32sram_mod.v,445|22): text macro 'wordLength' redefined - replaced with new definition.
`define wordLength 32
                     |
ncvlog: *W,MACRDF (../RTL/saed32sram_mod.v,653|21): text macro 'wordLength' redefined - replaced with new definition.
`define wordLength 46
                     |
ncvlog: *W,MACRDF (../RTL/saed32sram_mod.v,765|21): text macro 'wordLength' redefined - replaced with new definition.
`define wordLength 48
                     |
ncvlog: *W,MACRDF (../RTL/saed32sram_mod.v,891|21): text macro 'wordLength' redefined - replaced with new definition.
`define wordLength 8
                    |
ncvlog: *W,MACRDF (../RTL/saed32sram_mod.v,1019|20): text macro 'wordLength' redefined - replaced with new definition.
`define numAddr 5
                 |
ncvlog: *W,MACRDF (../RTL/saed32sram_mod.v,1105|17): text macro 'numAddr' redefined - replaced with new definition.
`define numWords 32
                   |
ncvlog: *W,MACRDF (../RTL/saed32sram_mod.v,1106|19): text macro 'numWords' redefined - replaced with new definition.
`define wordLength 50
                     |
ncvlog: *W,MACRDF (../RTL/saed32sram_mod.v,1107|21): text macro 'wordLength' redefined - replaced with new definition.
`define numAddr 9
                 |
ncvlog: *W,MACRDF (../RTL/saed32sram_mod.v,1235|17): text macro 'numAddr' redefined - replaced with new definition.
`define numWords 512
                    |
ncvlog: *W,MACRDF (../RTL/saed32sram_mod.v,1236|20): text macro 'numWords' redefined - replaced with new definition.
`define wordLength 128
                      |
ncvlog: *W,MACRDF (../RTL/saed32sram_mod.v,1237|22): text macro 'wordLength' redefined - replaced with new definition.
`define wordLength 32
                     |
ncvlog: *W,MACRDF (../RTL/saed32sram_mod.v,1445|21): text macro 'wordLength' redefined - replaced with new definition.
`define wordLength 8
                    |
ncvlog: *W,MACRDF (../RTL/saed32sram_mod.v,1557|20): text macro 'wordLength' redefined - replaced with new definition.
`define numAddr 6
                 |
ncvlog: *W,MACRDF (../RTL/saed32sram_mod.v,1643|17): text macro 'numAddr' redefined - replaced with new definition.
`define numWords 64
                   |
ncvlog: *W,MACRDF (../RTL/saed32sram_mod.v,1644|19): text macro 'numWords' redefined - replaced with new definition.
`define wordLength 128
                      |
ncvlog: *W,MACRDF (../RTL/saed32sram_mod.v,1645|22): text macro 'wordLength' redefined - replaced with new definition.
`define wordLength 32
                     |
ncvlog: *W,MACRDF (../RTL/saed32sram_mod.v,1853|21): text macro 'wordLength' redefined - replaced with new definition.
`define wordLength 34
                     |
ncvlog: *W,MACRDF (../RTL/saed32sram_mod.v,1965|21): text macro 'wordLength' redefined - replaced with new definition.
`define wordLength 8
                    |
ncvlog: *W,MACRDF (../RTL/saed32sram_mod.v,2079|20): text macro 'wordLength' redefined - replaced with new definition.
`define numAddr 7
                 |
ncvlog: *W,MACRDF (../RTL/saed32sram_mod.v,2165|17): text macro 'numAddr' redefined - replaced with new definition.
`define numWords 128
                    |
ncvlog: *W,MACRDF (../RTL/saed32sram_mod.v,2166|20): text macro 'numWords' redefined - replaced with new definition.
`define wordLength 16
                     |
ncvlog: *W,MACRDF (../RTL/saed32sram_mod.v,2167|21): text macro 'wordLength' redefined - replaced with new definition.
`define wordLength 32
                     |
ncvlog: *W,MACRDF (../RTL/saed32sram_mod.v,2288|21): text macro 'wordLength' redefined - replaced with new definition.
`define wordLength 4
                    |
ncvlog: *W,MACRDF (../RTL/saed32sram_mod.v,2425|20): text macro 'wordLength' redefined - replaced with new definition.
`define wordLength 8
                    |
ncvlog: *W,MACRDF (../RTL/saed32sram_mod.v,2534|20): text macro 'wordLength' redefined - replaced with new definition.
`define numAddr 4
                 |
ncvlog: *W,MACRDF (../RTL/saed32sram_mod.v,2645|17): text macro 'numAddr' redefined - replaced with new definition.
`define numWords 16
                   |
ncvlog: *W,MACRDF (../RTL/saed32sram_mod.v,2646|19): text macro 'numWords' redefined - replaced with new definition.
`define wordLength 16
                     |
ncvlog: *W,MACRDF (../RTL/saed32sram_mod.v,2647|21): text macro 'wordLength' redefined - replaced with new definition.
`define wordLength 32
                     |
ncvlog: *W,MACRDF (../RTL/saed32sram_mod.v,2768|21): text macro 'wordLength' redefined - replaced with new definition.
`define wordLength 4
                    |
ncvlog: *W,MACRDF (../RTL/saed32sram_mod.v,2905|20): text macro 'wordLength' redefined - replaced with new definition.
`define wordLength 8
                    |
ncvlog: *W,MACRDF (../RTL/saed32sram_mod.v,3014|20): text macro 'wordLength' redefined - replaced with new definition.
`define numAddr 5
                 |
ncvlog: *W,MACRDF (../RTL/saed32sram_mod.v,3125|17): text macro 'numAddr' redefined - replaced with new definition.
`define numWords 32
                   |
ncvlog: *W,MACRDF (../RTL/saed32sram_mod.v,3126|19): text macro 'numWords' redefined - replaced with new definition.
`define wordLength 16
                     |
ncvlog: *W,MACRDF (../RTL/saed32sram_mod.v,3127|21): text macro 'wordLength' redefined - replaced with new definition.
`define wordLength 22
                     |
ncvlog: *W,MACRDF (../RTL/saed32sram_mod.v,3248|21): text macro 'wordLength' redefined - replaced with new definition.
`define wordLength 32
                     |
ncvlog: *W,MACRDF (../RTL/saed32sram_mod.v,3375|21): text macro 'wordLength' redefined - replaced with new definition.
`define wordLength 39
                     |
ncvlog: *W,MACRDF (../RTL/saed32sram_mod.v,3512|21): text macro 'wordLength' redefined - replaced with new definition.
`define wordLength 4
                    |
ncvlog: *W,MACRDF (../RTL/saed32sram_mod.v,3656|20): text macro 'wordLength' redefined - replaced with new definition.
`define wordLength 8
                    |
ncvlog: *W,MACRDF (../RTL/saed32sram_mod.v,3765|20): text macro 'wordLength' redefined - replaced with new definition.
`define numAddr 6
                 |
ncvlog: *W,MACRDF (../RTL/saed32sram_mod.v,3876|17): text macro 'numAddr' redefined - replaced with new definition.
`define numWords 64
                   |
ncvlog: *W,MACRDF (../RTL/saed32sram_mod.v,3877|19): text macro 'numWords' redefined - replaced with new definition.
`define wordLength 16
                     |
ncvlog: *W,MACRDF (../RTL/saed32sram_mod.v,3878|21): text macro 'wordLength' redefined - replaced with new definition.
`define wordLength 32
                     |
ncvlog: *W,MACRDF (../RTL/saed32sram_mod.v,3999|21): text macro 'wordLength' redefined - replaced with new definition.
`define wordLength 4
                    |
ncvlog: *W,MACRDF (../RTL/saed32sram_mod.v,4136|20): text macro 'wordLength' redefined - replaced with new definition.
`define wordLength 8
                    |
ncvlog: *W,MACRDF (../RTL/saed32sram_mod.v,4245|20): text macro 'wordLength' redefined - replaced with new definition.
	Total errors/warnings found outside modules and primitives:
		errors: 0, warnings: 52
		Caching library 'worklib' ....... Done
	Elaborating the design hierarchy:
ncelab: *W,DSEMEL: This SystemVerilog design will be simulated as per IEEE 1800-2009 SystemVerilog simulation semantics. Use -disable_sem2009 option for turning off SV 2009 simulation semantics.
	Building instance overlay tables: .................... Done
	Generating native compiled code:
		worklib.cpu:v <0x42cbbdb5>
			streams:  17, words:  6630
		worklib.cpu_tb:v <0x7a8f6659>
			streams:  27, words: 81832
	Building instance specific data structures.
	Loading native compiled code:     .................... Done
	Design hierarchy summary:
		                   Instances  Unique
		Modules:                1793      87
		Primitives:             5220       1
		Registers:              7057     241
		Scalar wires:          12302       -
		Expanded wires:         1320      44
		Vectored wires:          150       -
		Always blocks:          6644     195
		Initial blocks:            3       3
		Cont. assignments:        20       5
		Pseudo assignments:     8059     218
		Simulation timescale:  100fs
	Writing initial simulation snapshot: worklib.reg_arstn:v
ncsim: *W,DSEM2009: This SystemVerilog design is simulated as per IEEE 1800-2009 SystemVerilog simulation semantics. Use -disable_sem2009 option for turning off SV 2009 simulation semantics.

-------------------------------------
Relinquished control to SimVision...
ncsim> 
ncsim> source /esat/micas-data/software/Cadence/incisiv_15.20.058/tools/inca/files/ncsimrc
ncsim> database -open waves -into waves.shm -default
Created default SHM database waves
ncsim> probe -create -shm cpu_tb.addr_ext cpu_tb.addr_ext_2 cpu_tb.arst_n cpu_tb.clk cpu_tb.counter cpu_tb.data_mem cpu_tb.dmem_cnt cpu_tb.enable cpu_tb.half_clock_period_ns cpu_tb.imem_cnt cpu_tb.instr_mem cpu_tb.rdata_ext cpu_tb.rdata_ext_2 cpu_tb.ref_reg cpu_tb.ref_str cpu_tb.ren_ext cpu_tb.ren_ext_2 cpu_tb.wdata_ext cpu_tb.wdata_ext_2 cpu_tb.wen_ext cpu_tb.wen_ext_2
Created probe 1
ncsim> run
Simulation interrupted at 25477050 NS + 1
ncsim> ^C
ncsim> exit
TOOL:	ncverilog	15.20-s058: Exiting on Mar 31, 2022 at 15:46:49 CEST  (total: 00:00:45)
